<?xml version="1.0" encoding="UTF-8"?>
<testng-results skipped="0" failed="0" total="1" passed="1">
  <reporter-output>
  </reporter-output>
  <suite name="com.test.NewTest" duration-ms="62028" started-at="2022-04-01T11:57:31Z" finished-at="2022-04-01T11:58:33Z">
    <groups>
    </groups>
    <test name="Command line test" duration-ms="62028" started-at="2022-04-01T11:57:31Z" finished-at="2022-04-01T11:58:33Z">
      <class name="com.test.NewTest">
        <test-method status="PASS" signature="beforeTest()[pri:0, instance:com.test.NewTest@5f2050f6]" name="beforeTest" is-config="true" duration-ms="97" started-at="2022-04-01T17:27:31Z" finished-at="2022-04-01T17:27:31Z">
          <reporter-output>
          </reporter-output>
        </test-method> <!-- beforeTest -->
        <test-method status="PASS" signature="setDriver()[pri:0, instance:com.test.NewTest@5f2050f6]" name="setDriver" duration-ms="60164" started-at="2022-04-01T17:27:31Z" finished-at="2022-04-01T17:28:31Z">
          <reporter-output>
          </reporter-output>
        </test-method> <!-- setDriver -->
        <test-method status="PASS" signature="afterTest()[pri:0, instance:com.test.NewTest@5f2050f6]" name="afterTest" is-config="true" duration-ms="1652" started-at="2022-04-01T17:28:32Z" finished-at="2022-04-01T17:28:33Z">
          <reporter-output>
          </reporter-output>
        </test-method> <!-- afterTest -->
      </class> <!-- com.test.NewTest -->
    </test> <!-- Command line test -->
  </suite> <!-- com.test.NewTest -->
</testng-results>
