<?xml version="1.0" encoding="UTF-8"?>
<testng-results skipped="0" failed="0" total="1" passed="1">
  <reporter-output>
  </reporter-output>
  <suite name="com.test.NewTest" duration-ms="18375" started-at="2022-04-01T16:45:34Z" finished-at="2022-04-01T16:45:52Z">
    <groups>
    </groups>
    <test name="Command line test" duration-ms="18375" started-at="2022-04-01T16:45:34Z" finished-at="2022-04-01T16:45:52Z">
      <class name="com.test.NewTest">
        <test-method status="PASS" signature="beforeTest()[pri:0, instance:com.test.NewTest@5f2050f6]" name="beforeTest" is-config="true" duration-ms="25" started-at="2022-04-01T22:15:34Z" finished-at="2022-04-01T22:15:34Z">
          <reporter-output>
          </reporter-output>
        </test-method> <!-- beforeTest -->
        <test-method status="PASS" signature="setDriver()[pri:0, instance:com.test.NewTest@5f2050f6]" name="setDriver" duration-ms="17516" started-at="2022-04-01T22:15:34Z" finished-at="2022-04-01T22:15:51Z">
          <reporter-output>
          </reporter-output>
        </test-method> <!-- setDriver -->
        <test-method status="PASS" signature="afterTest()[pri:0, instance:com.test.NewTest@5f2050f6]" name="afterTest" is-config="true" duration-ms="816" started-at="2022-04-01T22:15:51Z" finished-at="2022-04-01T22:15:52Z">
          <reporter-output>
          </reporter-output>
        </test-method> <!-- afterTest -->
      </class> <!-- com.test.NewTest -->
    </test> <!-- Command line test -->
  </suite> <!-- com.test.NewTest -->
</testng-results>
