<?xml version="1.0" encoding="UTF-8"?>
<testng-results skipped="0" failed="0" total="1" passed="1">
  <reporter-output>
  </reporter-output>
  <suite name="Default suite" duration-ms="17752" started-at="2022-04-01T16:44:11Z" finished-at="2022-04-01T16:44:29Z">
    <groups>
    </groups>
    <test name="Default test" duration-ms="17752" started-at="2022-04-01T16:44:11Z" finished-at="2022-04-01T16:44:29Z">
      <class name="com.test.NewTest">
        <test-method status="PASS" signature="beforeTest()[pri:0, instance:com.test.NewTest@5594a1b5]" name="beforeTest" is-config="true" duration-ms="41" started-at="2022-04-01T22:14:11Z" finished-at="2022-04-01T22:14:11Z">
          <reporter-output>
          </reporter-output>
        </test-method> <!-- beforeTest -->
        <test-method status="PASS" signature="setDriver()[pri:0, instance:com.test.NewTest@5594a1b5]" name="setDriver" duration-ms="17252" started-at="2022-04-01T22:14:11Z" finished-at="2022-04-01T22:14:28Z">
          <reporter-output>
          </reporter-output>
        </test-method> <!-- setDriver -->
        <test-method status="PASS" signature="afterTest()[pri:0, instance:com.test.NewTest@5594a1b5]" name="afterTest" is-config="true" duration-ms="418" started-at="2022-04-01T22:14:28Z" finished-at="2022-04-01T22:14:29Z">
          <reporter-output>
          </reporter-output>
        </test-method> <!-- afterTest -->
      </class> <!-- com.test.NewTest -->
    </test> <!-- Default test -->
  </suite> <!-- Default suite -->
</testng-results>
